0 verbose cli /usr/bin/node /usr/lib/node_modules/npm/bin/npm-cli.js
1 info using npm@8.19.4
2 info using node@v16.20.2
3 timing npm:load:whichnode Completed in 0ms
4 timing config:load:defaults Completed in 7ms
5 timing config:load:file:/usr/lib/node_modules/npm/npmrc Completed in 8ms
6 timing config:load:builtin Completed in 9ms
7 warn config production Use `--omit=dev` instead.
8 timing config:load:cli Completed in 9ms
9 timing config:load:env Completed in 2ms
10 timing config:load:file:/root/mychatbot/.npmrc Completed in 1ms
11 timing config:load:project Completed in 5ms
12 timing config:load:file:/root/.npmrc Completed in 0ms
13 timing config:load:user Completed in 1ms
14 timing config:load:file:/etc/npmrc Completed in 2ms
15 timing config:load:global Completed in 2ms
16 timing config:load:validate Completed in 1ms
17 timing config:load:credentials Completed in 5ms
18 timing config:load:setEnvs Completed in 4ms
19 timing config:load Completed in 48ms
20 timing npm:load:configload Completed in 49ms
21 timing npm:load:mkdirpcache Completed in 6ms
22 timing npm:load:mkdirplogs Completed in 2ms
23 verbose title npm exec vercel
24 verbose argv "exec" "--unsafe-perm" "vercel" "--prod" "--force"
25 timing npm:load:setTitle Completed in 6ms
26 timing config:load:flatten Completed in 13ms
27 timing npm:load:display Completed in 27ms
28 verbose logfile logs-max:10 dir:/root/mychatbot/.npm-cache/_logs
29 verbose logfile /root/mychatbot/.npm-cache/_logs/2026-07-08T03_36_29_641Z-debug-0.log
30 timing npm:load:logFile Completed in 21ms
31 timing npm:load:timers Completed in 1ms
32 timing npm:load:configScope Completed in 0ms
33 warn using --force Recommended protections disabled.
34 timing npm:load Completed in 117ms
35 silly logfile done cleaning log files
36 http fetch GET 200 https://registry.npmjs.org/npm 371ms (cache miss)
37 timing command:exec Completed in 2748ms
38 notice
38 notice New [31mmajor[39m version of npm available! [31m8.19.4[39m -> [32m11.18.0[39m
38 notice Changelog: [36mhttps://github.com/npm/cli/releases/tag/v11.18.0[39m
38 notice Run [32mnpm install -g npm@11.18.0[39m to update!
38 notice
39 verbose exit 1
40 timing npm Completed in 3071ms
41 verbose code 1
